[debug] [2026-02-16T13:18:06.481Z] ----------------------------------------------------------------------
[debug] [2026-02-16T13:18:06.483Z] Command:       C:\Program Files\nodejs\node.exe C:\Users\santh\AppData\Roaming\npm\node_modules\firebase-tools\lib\bin\firebase.js init hosting
[debug] [2026-02-16T13:18:06.484Z] CLI Version:   15.6.0
[debug] [2026-02-16T13:18:06.484Z] Platform:      win32
[debug] [2026-02-16T13:18:06.484Z] Node Version:  v25.2.1
[debug] [2026-02-16T13:18:06.484Z] Time:          Mon Feb 16 2026 18:48:06 GMT+0530 (India Standard Time)
[debug] [2026-02-16T13:18:06.484Z] ----------------------------------------------------------------------
[debug] 
[info] 
     ######## #### ########  ######## ########     ###     ######  ########
     ##        ##  ##     ## ##       ##     ##  ##   ##  ##       ##
     ######    ##  ########  ######   ########  #########  ######  ######
     ##        ##  ##    ##  ##       ##     ## ##     ##       ## ##
     ##       #### ##     ## ######## ########  ##     ##  ######  ########

You're about to initialize a Firebase project in this directory:

  C:\Users\santh\OneDrive\Desktop\ResolveX

[info] 
=== Project Setup
[info] 
[info] First, let's associate this project directory with a Firebase project.
[info] You can create multiple project aliases by running firebase use --add, 
[info] 
[debug] [2026-02-16T13:18:23.744Z] > command requires scopes: ["email","openid","https://www.googleapis.com/auth/cloudplatformprojects.readonly","https://www.googleapis.com/auth/firebase","https://www.googleapis.com/auth/cloud-platform"]
[debug] [2026-02-16T13:18:23.744Z] > authorizing via signed-in user (santhoshkkumarsan@gmail.com)
[debug] [2026-02-16T13:18:23.746Z] Checked if tokens are valid: true, expires at: 1771251476001
[debug] [2026-02-16T13:18:23.746Z] Checked if tokens are valid: true, expires at: 1771251476001
[debug] [2026-02-16T13:18:23.748Z] >>> [apiv2][query] GET https://firebase.googleapis.com/v1beta1/projects pageSize=100
[debug] [2026-02-16T13:18:24.803Z] <<< [apiv2][status] GET https://firebase.googleapis.com/v1beta1/projects 200
[debug] [2026-02-16T13:18:24.804Z] <<< [apiv2][body] GET https://firebase.googleapis.com/v1beta1/projects [omitted]
[info] 
=== Hosting Setup
[debug] [2026-02-16T13:18:29.927Z] Checked if tokens are valid: true, expires at: 1771251476001
[debug] [2026-02-16T13:18:29.927Z] Checked if tokens are valid: true, expires at: 1771251476001
[debug] [2026-02-16T13:18:29.927Z] >>> [apiv2][query] GET https://firebase.googleapis.com/v1beta1/projects/complaint-tracking-syste-d7788 [none]
[debug] [2026-02-16T13:18:30.631Z] <<< [apiv2][status] GET https://firebase.googleapis.com/v1beta1/projects/complaint-tracking-syste-d7788 200
[debug] [2026-02-16T13:18:30.631Z] <<< [apiv2][body] GET https://firebase.googleapis.com/v1beta1/projects/complaint-tracking-syste-d7788 {"projectId":"complaint-tracking-syste-d7788","projectNumber":"902273410748","displayName":"complaint-tracking-system","name":"projects/complaint-tracking-syste-d7788","resources":{"hostingSite":"complaint-tracking-syste-d7788","realtimeDatabaseInstance":"complaint-tracking-syste-d7788-default-rtdb"},"state":"ACTIVE","etag":"1_61b3144d-5d95-41fe-8ff0-3b461eadba88"}
[info] 
[info] Your public directory is the folder (relative to your project directory) that
[info] will contain Hosting assets to be uploaded with firebase deploy. If you
[info] have a build process for your assets, use your build's output directory.
[info] 
[debug] [2026-02-16T13:18:53.152Z] ExitPromptError: User force closed the prompt with SIGINT
    at Interface.sigint (C:\Users\santh\AppData\Roaming\npm\node_modules\firebase-tools\node_modules\@inquirer\core\dist\commonjs\lib\create-prompt.js:101:37)
    at Interface.emit (node:events:508:28)
    at [_ttyWrite] [as _ttyWrite] (node:internal/readline/interface:1327:18)
    at ReadStream.onkeypress (node:internal/readline/interface:284:20)
    at ReadStream.emit (node:events:520:35)
    at emitKeys (node:internal/readline/utils:371:14)
    at emitKeys.next (<anonymous>)
    at ReadStream.onData (node:internal/readline/emitKeypressEvents:64:36)
    at ReadStream.emit (node:events:508:28)
    at addChunk (node:internal/streams/readable:559:12)
[error] 
[error] Error: An unexpected error has occurred.
